{"C:\\Users\\aboub\\Documents\\02_Resources\\table_of_contents\\src\\playground\\spyOn\\video.ts": {"path":"C:\\Users\\aboub\\Documents\\02_Resources\\table_of_contents\\src\\playground\\spyOn\\video.ts","all":false,"statementMap":{"0":{"start":{"line":1,"column":0},"end":{"line":1,"column":22}},"1":{"start":{"line":2,"column":0},"end":{"line":2,"column":10}},"2":{"start":{"line":3,"column":0},"end":{"line":3,"column":16}},"3":{"start":{"line":4,"column":0},"end":{"line":4,"column":4}},"4":{"start":{"line":5,"column":0},"end":{"line":5,"column":2}}},"s":{"0":1,"1":1,"2":1,"3":1,"4":1},"branchMap":{"0":{"type":"branch","line":2,"loc":{"start":{"line":2,"column":2},"end":{"line":4,"column":3}},"locations":[{"start":{"line":2,"column":2},"end":{"line":4,"column":3}}]}},"b":{"0":[1]},"fnMap":{"0":{"name":"play","decl":{"start":{"line":2,"column":2},"end":{"line":4,"column":3}},"loc":{"start":{"line":2,"column":2},"end":{"line":4,"column":3}},"line":2}},"f":{"0":1}}
}
